{"level":"warn","timestamp":"2024-09-20T02:34:58.397Z","message":"server started"}
{"level":"info","timestamp":"2024-09-20T02:35:14.664Z","message":"Trying to authorize"}
{"level":"info","timestamp":"2024-09-20T02:35:15.243Z","message":"Authorization was successful"}
{"level":"warn","timestamp":"2024-09-20T02:35:15.245Z","message":"Subscribing ticks"}
{"level":"info","timestamp":"2024-09-20T02:35:16.771Z","message":{"value":6682.279,"last : ":9}}
{"level":"info","timestamp":"2024-09-20T02:35:18.631Z","message":{"value":6682.525,"last : ":5}}
{"level":"info","timestamp":"2024-09-20T02:35:20.681Z","message":{"value":6682.604,"last : ":4}}
{"level":"info","timestamp":"2024-09-20T02:35:22.709Z","message":{"value":6682.954,"last : ":4}}
{"level":"info","timestamp":"2024-09-20T02:35:24.654Z","message":{"value":6683.067,"last : ":7}}
{"level":"info","timestamp":"2024-09-20T02:35:26.703Z","message":{"value":6682.683,"last : ":3}}
{"level":"info","timestamp":"2024-09-20T02:35:28.650Z","message":{"value":6682.387,"last : ":7}}
{"level":"info","timestamp":"2024-09-20T02:35:30.626Z","message":{"value":6682.312,"last : ":2}}
{"level":"info","timestamp":"2024-09-20T02:35:32.744Z","message":{"value":6682.378,"last : ":8}}
{"level":"info","timestamp":"2024-09-20T02:35:34.690Z","message":{"value":6682.432,"last : ":2}}
{"level":"info","timestamp":"2024-09-20T02:35:36.737Z","message":{"value":6682.638,"last : ":8}}
{"level":"info","timestamp":"2024-09-20T02:35:38.683Z","message":{"value":6682.68,"last : ":0}}
{"level":"info","timestamp":"2024-09-20T02:35:40.662Z","message":{"value":6682.749,"last : ":9}}
{"level":"info","timestamp":"2024-09-20T02:35:42.641Z","message":{"value":6683.017,"last : ":7}}
{"level":"info","timestamp":"2024-09-20T02:35:44.639Z","message":{"value":6682.981,"last : ":1}}
{"level":"info","timestamp":"2024-09-20T02:35:46.772Z","message":{"value":6682.721,"last : ":1}}
{"level":"info","timestamp":"2024-09-20T02:35:48.719Z","message":{"value":6682.818,"last : ":8}}
{"level":"info","timestamp":"2024-09-20T02:35:50.647Z","message":{"value":6682.969,"last : ":9}}
{"level":"info","timestamp":"2024-09-20T02:35:52.712Z","message":{"value":6682.931,"last : ":1}}
{"level":"info","timestamp":"2024-09-20T02:35:54.668Z","message":{"value":6682.876,"last : ":6}}
{"level":"info","timestamp":"2024-09-20T02:35:56.705Z","message":{"value":6682.591,"last : ":1}}
{"level":"info","timestamp":"2024-09-20T02:35:58.656Z","message":{"value":6682.319,"last : ":9}}
{"level":"info","timestamp":"2024-09-20T02:36:00.647Z","message":{"value":6682.233,"last : ":3}}
{"level":"info","timestamp":"2024-09-20T02:36:02.752Z","message":{"value":6682.424,"last : ":4}}
{"level":"info","timestamp":"2024-09-20T02:36:04.672Z","message":{"value":6682.36,"last : ":0}}
{"level":"info","timestamp":"2024-09-20T02:36:06.745Z","message":{"value":6682.387,"last : ":7}}
{"level":"info","timestamp":"2024-09-20T02:36:08.626Z","message":{"value":6682.305,"last : ":5}}
{"level":"info","timestamp":"2024-09-20T02:36:10.696Z","message":{"value":6682.295,"last : ":5}}
{"level":"info","timestamp":"2024-09-20T02:36:12.786Z","message":{"value":6682.506,"last : ":6}}
{"level":"info","timestamp":"2024-09-20T02:36:14.732Z","message":{"value":6682.467,"last : ":7}}
{"level":"info","timestamp":"2024-09-20T02:36:16.639Z","message":{"value":6682.443,"last : ":3}}
{"level":"info","timestamp":"2024-09-20T02:36:18.726Z","message":{"value":6682.451,"last : ":1}}
{"level":"info","timestamp":"2024-09-20T02:36:20.672Z","message":{"value":6682.678,"last : ":8}}
{"level":"info","timestamp":"2024-09-20T02:36:23.351Z","message":{"value":6682.436,"last : ":6}}
{"level":"info","timestamp":"2024-09-20T02:36:25.803Z","message":{"value":6682.545,"last : ":5}}
{"level":"info","timestamp":"2024-09-20T02:36:26.948Z","message":{"value":6682.579,"last : ":9}}
{"level":"info","timestamp":"2024-09-20T02:36:28.966Z","message":{"value":6682.802,"last : ":2}}
{"level":"info","timestamp":"2024-09-20T02:36:31.435Z","message":{"value":6682.922,"last : ":2}}
{"level":"info","timestamp":"2024-09-20T02:36:32.842Z","message":{"value":6682.937,"last : ":7}}
{"level":"info","timestamp":"2024-09-20T02:36:35.007Z","message":{"value":6683.195,"last : ":5}}
{"level":"info","timestamp":"2024-09-20T02:36:37.670Z","message":{"value":6683.119,"last : ":9}}
{"level":"info","timestamp":"2024-09-20T02:36:38.898Z","message":{"value":6683.198,"last : ":8}}
{"level":"info","timestamp":"2024-09-20T02:36:41.049Z","message":{"value":6683.178,"last : ":8}}
{"level":"info","timestamp":"2024-09-20T02:36:42.687Z","message":{"value":6683.1,"last : ":0}}
{"level":"info","timestamp":"2024-09-20T02:36:44.735Z","message":{"value":6682.908,"last : ":8}}
{"level":"info","timestamp":"2024-09-20T02:36:46.645Z","message":{"value":6682.799,"last : ":9}}
{"level":"info","timestamp":"2024-09-20T02:36:48.831Z","message":{"value":6682.496,"last : ":6}}
{"level":"info","timestamp":"2024-09-20T02:36:52.042Z","message":{"value":6682.361,"last : ":1}}
{"level":"info","timestamp":"2024-09-20T02:36:53.233Z","message":{"value":6682.449,"last : ":9}}
{"level":"info","timestamp":"2024-09-20T02:36:54.975Z","message":{"value":6682.677,"last : ":7}}
{"level":"info","timestamp":"2024-09-20T02:36:56.875Z","message":{"value":6682.428,"last : ":8}}
{"level":"info","timestamp":"2024-09-20T02:36:58.865Z","message":{"value":6682.378,"last : ":8}}
{"level":"info","timestamp":"2024-09-20T02:37:00.662Z","message":{"value":6682.3,"last : ":0}}
{"level":"info","timestamp":"2024-09-20T02:37:02.655Z","message":{"value":6682.325,"last : ":5}}
{"level":"info","timestamp":"2024-09-20T02:37:04.747Z","message":{"value":6682.432,"last : ":2}}
{"level":"info","timestamp":"2024-09-20T02:37:06.671Z","message":{"value":6682.129,"last : ":9}}
{"level":"info","timestamp":"2024-09-20T02:37:08.650Z","message":{"value":6682.283,"last : ":3}}
{"level":"info","timestamp":"2024-09-20T02:37:10.744Z","message":{"value":6682.228,"last : ":8}}
{"level":"info","timestamp":"2024-09-20T02:37:12.688Z","message":{"value":6682.199,"last : ":9}}
{"level":"info","timestamp":"2024-09-20T02:37:14.628Z","message":{"value":6682.108,"last : ":8}}
{"level":"info","timestamp":"2024-09-20T02:37:16.648Z","message":{"value":6681.876,"last : ":6}}
{"level":"info","timestamp":"2024-09-20T02:37:18.639Z","message":{"value":6682.141,"last : ":1}}
{"level":"info","timestamp":"2024-09-20T02:37:20.677Z","message":{"value":6682.173,"last : ":3}}
{"level":"info","timestamp":"2024-09-20T02:37:22.650Z","message":{"value":6681.901,"last : ":1}}
{"level":"info","timestamp":"2024-09-20T02:37:24.669Z","message":{"value":6681.826,"last : ":6}}
{"level":"info","timestamp":"2024-09-20T02:37:26.718Z","message":{"value":6682.1,"last : ":0}}
{"level":"info","timestamp":"2024-09-20T02:37:28.765Z","message":{"value":6682.193,"last : ":3}}
{"level":"info","timestamp":"2024-09-20T02:37:30.712Z","message":{"value":6682.153,"last : ":3}}
{"level":"info","timestamp":"2024-09-20T02:37:32.660Z","message":{"value":6682.145,"last : ":5}}
{"level":"info","timestamp":"2024-09-20T02:37:34.645Z","message":{"value":6681.955,"last : ":5}}
{"level":"info","timestamp":"2024-09-20T02:37:36.752Z","message":{"value":6681.84,"last : ":0}}
{"level":"info","timestamp":"2024-09-20T02:37:38.698Z","message":{"value":6681.749,"last : ":9}}
{"level":"info","timestamp":"2024-09-20T02:37:40.650Z","message":{"value":6681.35,"last : ":0}}
{"level":"info","timestamp":"2024-09-20T02:37:42.691Z","message":{"value":6681.296,"last : ":6}}
{"level":"info","timestamp":"2024-09-20T02:37:44.739Z","message":{"value":6681.312,"last : ":2}}
{"level":"info","timestamp":"2024-09-20T02:37:46.646Z","message":{"value":6681.301,"last : ":1}}
{"level":"info","timestamp":"2024-09-20T02:37:48.638Z","message":{"value":6681.328,"last : ":8}}
{"level":"info","timestamp":"2024-09-20T02:37:50.682Z","message":{"value":6681.482,"last : ":2}}
{"level":"info","timestamp":"2024-09-20T02:37:52.665Z","message":{"value":6681.555,"last : ":5}}
{"level":"info","timestamp":"2024-09-20T02:37:54.775Z","message":{"value":6681.531,"last : ":1}}
{"level":"info","timestamp":"2024-09-20T02:37:56.719Z","message":{"value":6681.53,"last : ":0}}
{"level":"info","timestamp":"2024-09-20T02:37:58.768Z","message":{"value":6681.265,"last : ":5}}
{"level":"info","timestamp":"2024-09-20T02:38:00.716Z","message":{"value":6680.942,"last : ":2}}
{"level":"info","timestamp":"2024-09-20T02:38:02.660Z","message":{"value":6680.92,"last : ":0}}
{"level":"info","timestamp":"2024-09-20T02:38:04.634Z","message":{"value":6681.182,"last : ":2}}
{"level":"info","timestamp":"2024-09-20T02:38:06.653Z","message":{"value":6681.273,"last : ":3}}
{"level":"info","timestamp":"2024-09-20T02:38:08.701Z","message":{"value":6681.323,"last : ":3}}
{"level":"info","timestamp":"2024-09-20T02:38:10.753Z","message":{"value":6681.398,"last : ":8}}
{"level":"info","timestamp":"2024-09-20T02:38:12.632Z","message":{"value":6681.69,"last : ":0}}
{"level":"info","timestamp":"2024-09-20T02:38:14.652Z","message":{"value":6681.88,"last : ":0}}
{"level":"info","timestamp":"2024-09-20T02:38:16.688Z","message":{"value":6681.656,"last : ":6}}
{"level":"info","timestamp":"2024-09-20T02:38:18.736Z","message":{"value":6681.66,"last : ":0}}
{"level":"info","timestamp":"2024-09-20T02:38:20.683Z","message":{"value":6681.576,"last : ":6}}
{"level":"info","timestamp":"2024-09-20T02:38:22.732Z","message":{"value":6681.543,"last : ":3}}
{"level":"info","timestamp":"2024-09-20T02:38:24.642Z","message":{"value":6681.512,"last : ":2}}
{"level":"info","timestamp":"2024-09-20T02:38:26.723Z","message":{"value":6681.508,"last : ":8}}
{"level":"info","timestamp":"2024-09-20T02:38:28.669Z","message":{"value":6681.529,"last : ":9}}
{"level":"info","timestamp":"2024-09-20T02:38:30.640Z","message":{"value":6681.441,"last : ":1}}
{"level":"info","timestamp":"2024-09-20T02:38:32.662Z","message":{"value":6681.533,"last : ":3}}
{"level":"info","timestamp":"2024-09-20T02:38:34.621Z","message":{"value":6681.607,"last : ":7}}
{"level":"info","timestamp":"2024-09-20T02:38:36.656Z","message":{"value":6681.409,"last : ":9}}
{"level":"info","timestamp":"2024-09-20T02:38:38.704Z","message":{"value":6681.29,"last : ":0}}
{"level":"info","timestamp":"2024-09-20T02:38:40.652Z","message":{"value":6681.349,"last : ":9}}
{"level":"info","timestamp":"2024-09-20T02:38:42.698Z","message":{"value":6681.573,"last : ":3}}
{"level":"info","timestamp":"2024-09-20T02:38:44.643Z","message":{"value":6681.675,"last : ":5}}
{"level":"info","timestamp":"2024-09-20T02:38:46.999Z","message":{"value":6681.246,"last : ":6}}
{"level":"info","timestamp":"2024-09-20T02:38:48.635Z","message":{"value":6681.428,"last : ":8}}
{"level":"info","timestamp":"2024-09-20T02:38:50.684Z","message":{"value":6681.548,"last : ":8}}
{"level":"info","timestamp":"2024-09-20T02:38:52.734Z","message":{"value":6681.854,"last : ":4}}
{"level":"info","timestamp":"2024-09-20T02:38:54.678Z","message":{"value":6682.03,"last : ":0}}
{"level":"info","timestamp":"2024-09-20T02:38:56.727Z","message":{"value":6681.849,"last : ":9}}
{"level":"info","timestamp":"2024-09-20T02:38:58.672Z","message":{"value":6681.757,"last : ":7}}
{"level":"info","timestamp":"2024-09-20T02:39:00.719Z","message":{"value":6681.733,"last : ":3}}
{"level":"info","timestamp":"2024-09-20T02:39:02.642Z","message":{"value":6681.663,"last : ":3}}
{"level":"info","timestamp":"2024-09-20T02:39:04.641Z","message":{"value":6681.645,"last : ":5}}
{"level":"info","timestamp":"2024-09-20T02:39:06.636Z","message":{"value":6681.987,"last : ":7}}
{"level":"info","timestamp":"2024-09-20T02:39:08.707Z","message":{"value":6682.155,"last : ":5}}
{"level":"info","timestamp":"2024-09-20T02:39:10.645Z","message":{"value":6682.177,"last : ":7}}
{"level":"info","timestamp":"2024-09-20T02:39:12.698Z","message":{"value":6681.952,"last : ":2}}
{"level":"info","timestamp":"2024-09-20T02:39:14.645Z","message":{"value":6681.931,"last : ":1}}
{"level":"info","timestamp":"2024-09-20T02:39:16.649Z","message":{"value":6681.852,"last : ":2}}
{"level":"info","timestamp":"2024-09-20T02:39:18.646Z","message":{"value":6681.974,"last : ":4}}
{"level":"info","timestamp":"2024-09-20T02:39:20.637Z","message":{"value":6681.933,"last : ":3}}
{"level":"info","timestamp":"2024-09-20T02:39:22.632Z","message":{"value":6681.96,"last : ":0}}
{"level":"info","timestamp":"2024-09-20T02:39:24.784Z","message":{"value":6682.016,"last : ":6}}
{"level":"info","timestamp":"2024-09-20T02:39:26.730Z","message":{"value":6681.909,"last : ":9}}
{"level":"info","timestamp":"2024-09-20T02:39:28.673Z","message":{"value":6681.823,"last : ":3}}
{"level":"info","timestamp":"2024-09-20T02:39:30.621Z","message":{"value":6681.63,"last : ":0}}
{"level":"info","timestamp":"2024-09-20T02:39:32.770Z","message":{"value":6681.599,"last : ":9}}
{"level":"info","timestamp":"2024-09-20T02:39:34.636Z","message":{"value":6681.431,"last : ":1}}
{"level":"info","timestamp":"2024-09-20T02:39:36.628Z","message":{"value":6681.339,"last : ":9}}
{"level":"info","timestamp":"2024-09-20T02:39:38.645Z","message":{"value":6681.07,"last : ":0}}
{"level":"info","timestamp":"2024-09-20T02:39:40.626Z","message":{"value":6681.094,"last : ":4}}
{"level":"info","timestamp":"2024-09-20T02:39:42.702Z","message":{"value":6681.338,"last : ":8}}
{"level":"info","timestamp":"2024-09-20T02:39:44.657Z","message":{"value":6681.45,"last : ":0}}
{"level":"info","timestamp":"2024-09-20T02:39:46.696Z","message":{"value":6681.262,"last : ":2}}
{"level":"info","timestamp":"2024-09-20T02:39:49.153Z","message":{"value":6681.209,"last : ":9}}
{"level":"info","timestamp":"2024-09-20T02:39:50.689Z","message":{"value":6681.153,"last : ":3}}
{"level":"info","timestamp":"2024-09-20T02:39:52.737Z","message":{"value":6681.229,"last : ":9}}
{"level":"info","timestamp":"2024-09-20T02:39:54.673Z","message":{"value":6681.362,"last : ":2}}
{"level":"info","timestamp":"2024-09-20T02:39:56.732Z","message":{"value":6681.212,"last : ":2}}
{"level":"info","timestamp":"2024-09-20T02:40:00.396Z","message":{"value":6681.163,"last : ":3}}
{"level":"info","timestamp":"2024-09-20T02:40:00.725Z","message":{"value":6681.259,"last : ":9}}
{"level":"info","timestamp":"2024-09-20T02:40:03.924Z","message":{"value":6681.337,"last : ":7}}
{"level":"info","timestamp":"2024-09-20T02:40:04.718Z","message":{"value":6681.429,"last : ":9}}
{"level":"info","timestamp":"2024-09-20T02:40:06.767Z","message":{"value":6681.383,"last : ":3}}
{"level":"info","timestamp":"2024-09-20T02:40:08.711Z","message":{"value":6681.239,"last : ":9}}
{"level":"info","timestamp":"2024-09-20T02:40:10.655Z","message":{"value":6681.294,"last : ":4}}
{"level":"info","timestamp":"2024-09-20T02:40:12.705Z","message":{"value":6680.895,"last : ":5}}
{"level":"info","timestamp":"2024-09-20T02:40:14.651Z","message":{"value":6681.118,"last : ":8}}
{"level":"info","timestamp":"2024-09-20T02:40:16.702Z","message":{"value":6681.173,"last : ":3}}
{"level":"info","timestamp":"2024-09-20T02:40:18.644Z","message":{"value":6681.428,"last : ":8}}
{"level":"info","timestamp":"2024-09-20T02:40:20.692Z","message":{"value":6681.693,"last : ":3}}
{"level":"info","timestamp":"2024-09-20T02:40:22.639Z","message":{"value":6681.746,"last : ":6}}
{"level":"info","timestamp":"2024-09-20T02:40:24.685Z","message":{"value":6681.686,"last : ":6}}
{"level":"info","timestamp":"2024-09-20T02:40:26.631Z","message":{"value":6681.481,"last : ":1}}
{"level":"info","timestamp":"2024-09-20T02:40:29.294Z","message":{"value":6681.391,"last : ":1}}
{"level":"info","timestamp":"2024-09-20T02:40:30.932Z","message":{"value":6681.42,"last : ":0}}
{"level":"info","timestamp":"2024-09-20T02:40:32.649Z","message":{"value":6681.279,"last : ":9}}
{"level":"info","timestamp":"2024-09-20T02:40:34.722Z","message":{"value":6680.899,"last : ":9}}
{"level":"info","timestamp":"2024-09-20T02:40:36.768Z","message":{"value":6681.01,"last : ":0}}
{"level":"info","timestamp":"2024-09-20T02:40:38.673Z","message":{"value":6680.795,"last : ":5}}
{"level":"info","timestamp":"2024-09-20T02:40:40.655Z","message":{"value":6681,"last : ":0}}
{"level":"info","timestamp":"2024-09-20T02:40:42.709Z","message":{"value":6681.033,"last : ":3}}
{"level":"info","timestamp":"2024-09-20T02:40:44.756Z","message":{"value":6681.14,"last : ":0}}
{"level":"info","timestamp":"2024-09-20T02:40:46.701Z","message":{"value":6681.097,"last : ":7}}
{"level":"info","timestamp":"2024-09-20T02:40:48.750Z","message":{"value":6681.382,"last : ":2}}
{"level":"info","timestamp":"2024-09-20T02:40:50.694Z","message":{"value":6681.522,"last : ":2}}
{"level":"info","timestamp":"2024-09-20T02:40:52.743Z","message":{"value":6681.445,"last : ":5}}
{"level":"info","timestamp":"2024-09-20T02:40:54.688Z","message":{"value":6681.041,"last : ":1}}
{"level":"info","timestamp":"2024-09-20T02:40:56.736Z","message":{"value":6681.126,"last : ":6}}
{"level":"info","timestamp":"2024-09-20T02:40:58.684Z","message":{"value":6681.123,"last : ":3}}
{"level":"info","timestamp":"2024-09-20T02:41:00.655Z","message":{"value":6680.865,"last : ":5}}
{"level":"info","timestamp":"2024-09-20T02:41:02.676Z","message":{"value":6680.763,"last : ":3}}
{"level":"info","timestamp":"2024-09-20T02:41:04.621Z","message":{"value":6680.426,"last : ":6}}
{"level":"info","timestamp":"2024-09-20T02:41:06.656Z","message":{"value":6680.206,"last : ":6}}
{"level":"info","timestamp":"2024-09-20T02:41:08.669Z","message":{"value":6680.38,"last : ":0}}
{"level":"info","timestamp":"2024-09-20T02:41:10.662Z","message":{"value":6680.701,"last : ":1}}
{"level":"info","timestamp":"2024-09-20T02:41:12.711Z","message":{"value":6680.533,"last : ":3}}
{"level":"info","timestamp":"2024-09-20T02:41:14.675Z","message":{"value":6680.582,"last : ":2}}
{"level":"info","timestamp":"2024-09-20T02:41:16.705Z","message":{"value":6680.74,"last : ":0}}
{"level":"info","timestamp":"2024-09-20T02:41:18.650Z","message":{"value":6680.947,"last : ":7}}
{"level":"info","timestamp":"2024-09-20T02:41:20.698Z","message":{"value":6680.991,"last : ":1}}
{"level":"info","timestamp":"2024-09-20T02:41:22.746Z","message":{"value":6680.684,"last : ":4}}
{"level":"info","timestamp":"2024-09-20T02:41:24.691Z","message":{"value":6680.622,"last : ":2}}
{"level":"info","timestamp":"2024-09-20T02:41:26.660Z","message":{"value":6680.626,"last : ":6}}
{"level":"info","timestamp":"2024-09-20T02:41:29.299Z","message":{"value":6680.531,"last : ":1}}
{"level":"info","timestamp":"2024-09-20T02:41:31.124Z","message":{"value":6680.718,"last : ":8}}
{"level":"info","timestamp":"2024-09-20T02:41:32.855Z","message":{"value":6680.783,"last : ":3}}
{"level":"info","timestamp":"2024-09-20T02:41:34.627Z","message":{"value":6680.776,"last : ":6}}
{"level":"info","timestamp":"2024-09-20T02:41:36.634Z","message":{"value":6680.803,"last : ":3}}
{"level":"info","timestamp":"2024-09-20T02:41:38.654Z","message":{"value":6680.866,"last : ":6}}
{"level":"info","timestamp":"2024-09-20T02:41:40.665Z","message":{"value":6680.964,"last : ":4}}
{"level":"info","timestamp":"2024-09-20T02:41:42.740Z","message":{"value":6681.135,"last : ":5}}
{"level":"info","timestamp":"2024-09-20T02:41:44.761Z","message":{"value":6681.157,"last : ":7}}
{"level":"info","timestamp":"2024-09-20T02:41:46.707Z","message":{"value":6681.059,"last : ":9}}
{"level":"info","timestamp":"2024-09-20T02:41:48.754Z","message":{"value":6681.119,"last : ":9}}
{"level":"info","timestamp":"2024-09-20T02:41:50.700Z","message":{"value":6681.079,"last : ":9}}
{"level":"info","timestamp":"2024-09-20T02:41:52.646Z","message":{"value":6681.028,"last : ":8}}
{"level":"info","timestamp":"2024-09-20T02:41:54.654Z","message":{"value":6681.093,"last : ":3}}
{"level":"info","timestamp":"2024-09-20T02:41:56.639Z","message":{"value":6681.1,"last : ":0}}
{"level":"info","timestamp":"2024-09-20T02:41:58.631Z","message":{"value":6681.084,"last : ":4}}
{"level":"info","timestamp":"2024-09-20T02:42:00.735Z","message":{"value":6681.14,"last : ":0}}
{"level":"info","timestamp":"2024-09-20T02:42:02.634Z","message":{"value":6681.101,"last : ":1}}
{"level":"info","timestamp":"2024-09-20T02:42:04.728Z","message":{"value":6681.316,"last : ":6}}
{"level":"info","timestamp":"2024-09-20T02:42:06.674Z","message":{"value":6681.096,"last : ":6}}
{"level":"info","timestamp":"2024-09-20T02:42:08.824Z","message":{"value":6681.245,"last : ":5}}
{"level":"info","timestamp":"2024-09-20T02:42:10.655Z","message":{"value":6681.179,"last : ":9}}
{"level":"info","timestamp":"2024-09-20T02:42:12.717Z","message":{"value":6681.322,"last : ":2}}
{"level":"info","timestamp":"2024-09-20T02:42:14.707Z","message":{"value":6681.24,"last : ":0}}
{"level":"info","timestamp":"2024-09-20T02:42:16.708Z","message":{"value":6681.43,"last : ":0}}
{"level":"info","timestamp":"2024-09-20T02:42:18.655Z","message":{"value":6681.548,"last : ":8}}
{"level":"info","timestamp":"2024-09-20T02:42:20.635Z","message":{"value":6681.445,"last : ":5}}
{"level":"info","timestamp":"2024-09-20T02:42:22.638Z","message":{"value":6681.623,"last : ":3}}
{"level":"info","timestamp":"2024-09-20T02:42:24.628Z","message":{"value":6681.742,"last : ":2}}
{"level":"info","timestamp":"2024-09-20T02:42:26.642Z","message":{"value":6681.665,"last : ":5}}
{"level":"info","timestamp":"2024-09-20T02:42:28.688Z","message":{"value":6681.938,"last : ":8}}
{"level":"info","timestamp":"2024-09-20T02:42:30.739Z","message":{"value":6682.137,"last : ":7}}
{"level":"info","timestamp":"2024-09-20T02:42:32.626Z","message":{"value":6682.273,"last : ":3}}
{"level":"info","timestamp":"2024-09-20T02:42:34.631Z","message":{"value":6681.964,"last : ":4}}
{"level":"info","timestamp":"2024-09-20T02:42:36.676Z","message":{"value":6682.137,"last : ":7}}
{"level":"info","timestamp":"2024-09-20T02:42:38.725Z","message":{"value":6681.881,"last : ":1}}
{"level":"info","timestamp":"2024-09-20T02:42:40.773Z","message":{"value":6681.81,"last : ":0}}
{"level":"info","timestamp":"2024-09-20T02:42:42.625Z","message":{"value":6681.454,"last : ":4}}
{"level":"info","timestamp":"2024-09-20T02:42:44.663Z","message":{"value":6681.186,"last : ":6}}
{"level":"info","timestamp":"2024-09-20T02:42:46.651Z","message":{"value":6681.151,"last : ":1}}
{"level":"info","timestamp":"2024-09-20T02:42:48.627Z","message":{"value":6681.482,"last : ":2}}
{"level":"info","timestamp":"2024-09-20T02:42:50.706Z","message":{"value":6681.487,"last : ":7}}
{"level":"info","timestamp":"2024-09-20T02:42:53.268Z","message":{"value":6681.572,"last : ":2}}
{"level":"info","timestamp":"2024-09-20T02:42:54.699Z","message":{"value":6681.473,"last : ":3}}
{"level":"info","timestamp":"2024-09-20T02:42:56.644Z","message":{"value":6681.551,"last : ":1}}
{"level":"info","timestamp":"2024-09-20T02:42:58.692Z","message":{"value":6681.221,"last : ":1}}
{"level":"info","timestamp":"2024-09-20T02:43:00.740Z","message":{"value":6681.558,"last : ":8}}
{"level":"info","timestamp":"2024-09-20T02:43:02.662Z","message":{"value":6681.724,"last : ":4}}
{"level":"info","timestamp":"2024-09-20T02:43:04.733Z","message":{"value":6681.907,"last : ":7}}
{"level":"info","timestamp":"2024-09-20T02:43:06.616Z","message":{"value":6681.572,"last : ":2}}
{"level":"info","timestamp":"2024-09-20T02:43:08.651Z","message":{"value":6681.354,"last : ":4}}
{"level":"info","timestamp":"2024-09-20T02:43:10.629Z","message":{"value":6681.37,"last : ":0}}
{"level":"info","timestamp":"2024-09-20T02:43:12.619Z","message":{"value":6681.21,"last : ":0}}
{"level":"info","timestamp":"2024-09-20T02:43:14.639Z","message":{"value":6681.356,"last : ":6}}
{"level":"info","timestamp":"2024-09-20T02:43:16.634Z","message":{"value":6681.133,"last : ":3}}
{"level":"info","timestamp":"2024-09-20T02:43:18.652Z","message":{"value":6681.076,"last : ":6}}
{"level":"info","timestamp":"2024-09-20T02:43:20.707Z","message":{"value":6681.189,"last : ":9}}
{"level":"info","timestamp":"2024-09-20T02:43:23.881Z","message":{"value":6681.215,"last : ":5}}
{"level":"info","timestamp":"2024-09-20T02:43:25.827Z","message":{"value":6680.843,"last : ":3}}
{"level":"info","timestamp":"2024-09-20T02:43:26.953Z","message":{"value":6680.816,"last : ":6}}
{"level":"info","timestamp":"2024-09-20T02:43:28.695Z","message":{"value":6680.807,"last : ":7}}
{"level":"info","timestamp":"2024-09-20T02:43:30.656Z","message":{"value":6680.7,"last : ":0}}
{"level":"info","timestamp":"2024-09-20T02:43:32.629Z","message":{"value":6680.54,"last : ":0}}
{"level":"info","timestamp":"2024-09-20T02:43:34.737Z","message":{"value":6680.256,"last : ":6}}
{"level":"info","timestamp":"2024-09-20T02:43:36.681Z","message":{"value":6680.516,"last : ":6}}
{"level":"info","timestamp":"2024-09-20T02:43:38.680Z","message":{"value":6680.379,"last : ":9}}
{"level":"info","timestamp":"2024-09-20T02:43:40.675Z","message":{"value":6680.376,"last : ":6}}
{"level":"info","timestamp":"2024-09-20T02:43:42.714Z","message":{"value":6680.268,"last : ":8}}
{"level":"info","timestamp":"2024-09-20T02:43:44.737Z","message":{"value":6680.081,"last : ":1}}
{"level":"info","timestamp":"2024-09-20T02:43:46.717Z","message":{"value":6680.112,"last : ":2}}
{"level":"info","timestamp":"2024-09-20T02:43:48.614Z","message":{"value":6679.944,"last : ":4}}
{"level":"info","timestamp":"2024-09-20T02:43:50.709Z","message":{"value":6680.012,"last : ":2}}
{"level":"info","timestamp":"2024-09-20T02:43:52.656Z","message":{"value":6680.011,"last : ":1}}
{"level":"info","timestamp":"2024-09-20T02:43:54.704Z","message":{"value":6679.93,"last : ":0}}
{"level":"info","timestamp":"2024-09-20T02:43:56.648Z","message":{"value":6679.948,"last : ":8}}
{"level":"info","timestamp":"2024-09-20T02:43:58.698Z","message":{"value":6680.177,"last : ":7}}
{"level":"info","timestamp":"2024-09-20T02:44:00.659Z","message":{"value":6680.239,"last : ":9}}
{"level":"info","timestamp":"2024-09-20T02:44:02.691Z","message":{"value":6680.388,"last : ":8}}
{"level":"info","timestamp":"2024-09-20T02:44:04.739Z","message":{"value":6680.501,"last : ":1}}
{"level":"info","timestamp":"2024-09-20T02:44:06.683Z","message":{"value":6680.441,"last : ":1}}
{"level":"info","timestamp":"2024-09-20T02:44:08.733Z","message":{"value":6680.483,"last : ":3}}
{"level":"info","timestamp":"2024-09-20T02:44:10.677Z","message":{"value":6680.564,"last : ":4}}
{"level":"info","timestamp":"2024-09-20T02:44:12.725Z","message":{"value":6680.276,"last : ":6}}
{"level":"info","timestamp":"2024-09-20T02:44:14.680Z","message":{"value":6680.318,"last : ":8}}
{"level":"info","timestamp":"2024-09-20T02:44:16.718Z","message":{"value":6680.202,"last : ":2}}
{"level":"info","timestamp":"2024-09-20T02:44:18.668Z","message":{"value":6680.246,"last : ":6}}
{"level":"info","timestamp":"2024-09-20T02:44:20.712Z","message":{"value":6680.39,"last : ":0}}
{"level":"info","timestamp":"2024-09-20T02:44:22.669Z","message":{"value":6680.229,"last : ":9}}
{"level":"info","timestamp":"2024-09-20T02:44:24.706Z","message":{"value":6680.302,"last : ":2}}
{"level":"info","timestamp":"2024-09-20T02:44:26.651Z","message":{"value":6680.202,"last : ":2}}
{"level":"info","timestamp":"2024-09-20T02:44:28.701Z","message":{"value":6680.129,"last : ":9}}
{"level":"info","timestamp":"2024-09-20T02:44:30.630Z","message":{"value":6680.246,"last : ":6}}
{"level":"info","timestamp":"2024-09-20T02:44:32.657Z","message":{"value":6680.196,"last : ":6}}
{"level":"info","timestamp":"2024-09-20T02:44:34.742Z","message":{"value":6680.207,"last : ":7}}
{"level":"info","timestamp":"2024-09-20T02:44:36.686Z","message":{"value":6680.295,"last : ":5}}
{"level":"info","timestamp":"2024-09-20T02:44:38.735Z","message":{"value":6680.553,"last : ":3}}
{"level":"info","timestamp":"2024-09-20T02:44:40.680Z","message":{"value":6680.735,"last : ":5}}
{"level":"info","timestamp":"2024-09-20T02:44:42.728Z","message":{"value":6680.68,"last : ":0}}
{"level":"info","timestamp":"2024-09-20T02:44:44.776Z","message":{"value":6680.684,"last : ":4}}
{"level":"info","timestamp":"2024-09-20T02:44:46.721Z","message":{"value":6680.601,"last : ":1}}
{"level":"info","timestamp":"2024-09-20T02:44:48.667Z","message":{"value":6680.755,"last : ":5}}
{"level":"info","timestamp":"2024-09-20T02:44:50.648Z","message":{"value":6680.634,"last : ":4}}
{"level":"info","timestamp":"2024-09-20T02:44:52.635Z","message":{"value":6680.736,"last : ":6}}
{"level":"info","timestamp":"2024-09-20T02:44:54.711Z","message":{"value":6680.592,"last : ":2}}
{"level":"info","timestamp":"2024-09-20T02:44:56.655Z","message":{"value":6680.746,"last : ":6}}
{"level":"info","timestamp":"2024-09-20T02:44:58.703Z","message":{"value":6680.948,"last : ":8}}
{"level":"info","timestamp":"2024-09-20T02:45:00.750Z","message":{"value":6680.828,"last : ":8}}
{"level":"info","timestamp":"2024-09-20T02:45:02.640Z","message":{"value":6680.725,"last : ":5}}
{"level":"info","timestamp":"2024-09-20T02:45:04.642Z","message":{"value":6680.753,"last : ":3}}
{"level":"info","timestamp":"2024-09-20T02:45:06.690Z","message":{"value":6680.348,"last : ":8}}
{"level":"info","timestamp":"2024-09-20T02:45:08.635Z","message":{"value":6680.095,"last : ":5}}
{"level":"info","timestamp":"2024-09-20T02:45:10.680Z","message":{"value":6680.149,"last : ":9}}
{"level":"info","timestamp":"2024-09-20T02:45:12.730Z","message":{"value":6680.437,"last : ":7}}
{"level":"info","timestamp":"2024-09-20T02:45:14.676Z","message":{"value":6680.542,"last : ":2}}
{"level":"info","timestamp":"2024-09-20T02:45:16.724Z","message":{"value":6680.581,"last : ":1}}
{"level":"info","timestamp":"2024-09-20T02:45:18.766Z","message":{"value":6680.583,"last : ":3}}
{"level":"info","timestamp":"2024-09-20T02:45:20.717Z","message":{"value":6680.85,"last : ":0}}
{"level":"info","timestamp":"2024-09-20T02:45:22.625Z","message":{"value":6680.714,"last : ":4}}
{"level":"info","timestamp":"2024-09-20T02:45:24.651Z","message":{"value":6680.582,"last : ":2}}
{"level":"info","timestamp":"2024-09-20T02:45:26.758Z","message":{"value":6680.833,"last : ":3}}
{"level":"info","timestamp":"2024-09-20T02:45:28.704Z","message":{"value":6680.76,"last : ":0}}
{"level":"info","timestamp":"2024-09-20T02:45:30.752Z","message":{"value":6680.974,"last : ":4}}
{"level":"info","timestamp":"2024-09-20T02:45:32.670Z","message":{"value":6681.016,"last : ":6}}
{"level":"info","timestamp":"2024-09-20T02:45:34.646Z","message":{"value":6681.039,"last : ":9}}
{"level":"info","timestamp":"2024-09-20T02:45:36.647Z","message":{"value":6680.896,"last : ":6}}
{"level":"info","timestamp":"2024-09-20T02:45:38.640Z","message":{"value":6680.958,"last : ":8}}
{"level":"info","timestamp":"2024-09-20T02:45:40.672Z","message":{"value":6680.774,"last : ":4}}
{"level":"info","timestamp":"2024-09-20T02:45:42.733Z","message":{"value":6680.831,"last : ":1}}
{"level":"info","timestamp":"2024-09-20T02:45:44.678Z","message":{"value":6680.981,"last : ":1}}
{"level":"info","timestamp":"2024-09-20T02:45:46.631Z","message":{"value":6680.9,"last : ":0}}
{"level":"info","timestamp":"2024-09-20T02:45:48.672Z","message":{"value":6681.174,"last : ":4}}
{"level":"info","timestamp":"2024-09-20T02:45:50.719Z","message":{"value":6681.227,"last : ":7}}
{"level":"info","timestamp":"2024-09-20T02:45:52.665Z","message":{"value":6681.428,"last : ":8}}
{"level":"info","timestamp":"2024-09-20T02:45:54.713Z","message":{"value":6681.538,"last : ":8}}
{"level":"info","timestamp":"2024-09-20T02:45:56.760Z","message":{"value":6681.429,"last : ":9}}
{"level":"info","timestamp":"2024-09-20T02:45:58.707Z","message":{"value":6681.653,"last : ":3}}
{"level":"info","timestamp":"2024-09-20T02:46:00.667Z","message":{"value":6682.035,"last : ":5}}
{"level":"info","timestamp":"2024-09-20T02:46:02.701Z","message":{"value":6681.95,"last : ":0}}
{"level":"info","timestamp":"2024-09-20T02:46:04.645Z","message":{"value":6681.967,"last : ":7}}
{"level":"info","timestamp":"2024-09-20T02:46:06.694Z","message":{"value":6681.813,"last : ":3}}
{"level":"info","timestamp":"2024-09-20T02:46:08.743Z","message":{"value":6682.071,"last : ":1}}
{"level":"info","timestamp":"2024-09-20T02:46:10.687Z","message":{"value":6682.098,"last : ":8}}
{"level":"info","timestamp":"2024-09-20T02:46:12.735Z","message":{"value":6682.169,"last : ":9}}
{"level":"info","timestamp":"2024-09-20T02:46:14.682Z","message":{"value":6682.304,"last : ":4}}
{"level":"info","timestamp":"2024-09-20T02:46:16.643Z","message":{"value":6682.374,"last : ":4}}
{"level":"info","timestamp":"2024-09-20T02:46:18.676Z","message":{"value":6682.271,"last : ":1}}
{"level":"info","timestamp":"2024-09-20T02:46:20.723Z","message":{"value":6681.906,"last : ":6}}
{"level":"info","timestamp":"2024-09-20T02:46:22.668Z","message":{"value":6682.066,"last : ":6}}
{"level":"info","timestamp":"2024-09-20T02:46:24.628Z","message":{"value":6682.006,"last : ":6}}
{"level":"info","timestamp":"2024-09-20T02:46:26.765Z","message":{"value":6682.058,"last : ":8}}
{"level":"info","timestamp":"2024-09-20T02:46:28.645Z","message":{"value":6681.892,"last : ":2}}
{"level":"info","timestamp":"2024-09-20T02:46:30.758Z","message":{"value":6682.094,"last : ":4}}
{"level":"info","timestamp":"2024-09-20T02:46:32.632Z","message":{"value":6681.973,"last : ":3}}
{"level":"info","timestamp":"2024-09-20T02:46:34.752Z","message":{"value":6681.786,"last : ":6}}
{"level":"info","timestamp":"2024-09-20T02:46:36.697Z","message":{"value":6681.965,"last : ":5}}
{"level":"info","timestamp":"2024-09-20T02:46:38.643Z","message":{"value":6681.812,"last : ":2}}
{"level":"info","timestamp":"2024-09-20T02:46:40.690Z","message":{"value":6681.817,"last : ":7}}
{"level":"info","timestamp":"2024-09-20T02:46:42.739Z","message":{"value":6681.387,"last : ":7}}
{"level":"info","timestamp":"2024-09-20T02:46:44.684Z","message":{"value":6681.146,"last : ":6}}
{"level":"info","timestamp":"2024-09-20T02:46:46.644Z","message":{"value":6681.005,"last : ":5}}
{"level":"info","timestamp":"2024-09-20T02:46:48.679Z","message":{"value":6680.864,"last : ":4}}
{"level":"info","timestamp":"2024-09-20T02:46:50.634Z","message":{"value":6680.774,"last : ":4}}
{"level":"info","timestamp":"2024-09-20T02:46:52.670Z","message":{"value":6680.887,"last : ":7}}
{"level":"info","timestamp":"2024-09-20T02:46:54.719Z","message":{"value":6680.917,"last : ":7}}
{"level":"warn","timestamp":"2024-09-20T02:46:55.760Z","message":"server started"}
